#
# A fatal error has been detected by the Java Runtime Environment:
#
#  SIGSEGV (0xb) at pc=0x000000010c032d10, pid=43903, tid=18439
#
# JRE version: Java(TM) SE Runtime Environment (8.0_45-b14) (build 1.8.0_45-b14)
# Java VM: Java HotSpot(TM) 64-Bit Server VM (25.45-b02 mixed mode bsd-amd64 compressed oops)
# Problematic frame:
# V  [libjvm.dylib+0x432d10]  Method::checked_resolve_jmethod_id(_jmethodID*)+0xe
#
# Failed to write core dump. Core dumps have been disabled. To enable core dumping, try "ulimit -c unlimited" before starting Java again
#
# If you would like to submit a bug report, please visit:
#   http://bugreport.java.com/bugreport/crash.jsp
#

---------------  T H R E A D  ---------------

Current thread (0x00007f9d0d813800):  JavaThread "JDWP Transport Listener: dt_socket" daemon [_thread_in_vm, id=18439, stack(0x0000700002daf000,0x0000700002eaf000)]

siginfo: si_signo: 11 (SIGSEGV), si_code: 0 (unknown), si_addr: 0x0000000000000000

Registers:
RAX=0x0000000000000001, RBX=0x0000700002eaeaab, RCX=0x000000010c3fa190, RDX=0x0000700002eaeaab
RSP=0x0000700002eae9f0, RBP=0x0000700002eaea00, RSI=0x00007f9d0d813800, RDI=0x0004000000000000
R8 =0x0000000000000000, R9 =0x00007f9d0c6f8cf0, R10=0x0000000000000001, R11=0x0000000000000001
R12=0x00007f9d0d813800, R13=0x0004000000000000, R14=0x0004000000000000, R15=0x00007f9d0f3001a0
RIP=0x000000010c032d10, EFLAGS=0x0000000000010206, ERR=0x0000000000000000
  TRAPNO=0x000000000000000d

Top of Stack: (sp=0x0000700002eae9f0)
0x0000700002eae9f0:   0000700002eaeaab 0000700002eaeaab
0x0000700002eaea00:   0000700002eaea60 000000010bf430d6
0x0000700002eaea10:   00007f9d0d813800 0000000000000000
0x0000700002eaea20:   0000000000000000 0000000000000000
0x0000700002eaea30:   00007f9d0d813800 00007f9d0d813800
0x0000700002eaea40:   0000700002eaeaab 0000700002eaeab0
0x0000700002eaea50:   0004000000000000 0000000000000007
0x0000700002eaea60:   0000700002eaea80 000000010ab37780
0x0000700002eaea70:   0000000000000001 0000700002eaeb28
0x0000700002eaea80:   0000700002eaeaf0 000000010ab1c1f3
0x0000700002eaea90:   0000700002eaeac0 00007f9d0f597880
0x0000700002eaeaa0:   0000000800000032 f000100a01eaeb28
0x0000700002eaeab0:   0000000000000000 0000000000000000
0x0000700002eaeac0:   0000000000000000 0000700002eaecb0
0x0000700002eaead0:   000000010ab3ee7a 00007f9d0c511de0
0x0000700002eaeae0:   0000700002eaeb28 000000010ab4a598
0x0000700002eaeaf0:   0000700002eaeb00 000000010ab1c2ec
0x0000700002eaeb00:   0000700002eaed20 000000010ab25898
0x0000700002eaeb10:   00001f3400000013 00000000000f0200
0x0000700002eaeb20:   00007f9d0f228930 00007f9d16a24226
0x0000700002eaeb30:   000000000000048a 00007f9d0f5b9f80
0x0000700002eaeb40:   000000000000012c 0000700002eaeb78
0x0000700002eaeb50:   00007f9d0c652400 00007f0000000000
0x0000700002eaeb60:   00001f340000001c 00007f9d00006980
0x0000700002eaeb70:   0000700002eaeb78 9d7f000008000000
0x0000700002eaeb80:   06000000d86d5a18 00003e74696e693c
0x0000700002eaeb90:   0000005629280300 7f00000100000000
0x0000700002eaeba0:   000000e86d5a189d 6c6c41646e696607
0x0000700002eaebb0:   6a4c292812000000 6c6974752f617661
0x0000700002eaebc0:   00003b7473694c2f 76616a4c29284d00
0x0000700002eaebd0:   4c2f6c6974752f61 6d6f634c3c747369
0x0000700002eaebe0:   2f6b65746f616c2f 67696c6c65746e69 

Instructions: (pc=0x000000010c032d10)
0x000000010c032cf0:   40 48 48 85 c0 75 e0 30 c0 0f b6 c0 5d c3 31 c0
0x000000010c032d00:   5d c3 55 48 89 e5 53 48 83 ec 08 48 85 ff 74 24
0x000000010c032d10:   48 8b 1f 48 85 db 74 1c 48 83 fb 37 74 16 48 8b
0x000000010c032d20:   03 48 89 df ff 50 10 84 c0 b8 00 00 00 00 48 0f 

Register to memory mapping:

RAX=0x0000000000000001 is an unknown value
RBX=0x0000700002eaeaab is pointing into the stack for thread: 0x00007f9d0d813800
RCX=0x000000010c3fa190: UseMembar+0 in /Library/Java/JavaVirtualMachines/jdk1.8.0_45.jdk/Contents/Home/jre/lib/server/libjvm.dylib at 0x000000010bc00000
RDX=0x0000700002eaeaab is pointing into the stack for thread: 0x00007f9d0d813800
RSP=0x0000700002eae9f0 is pointing into the stack for thread: 0x00007f9d0d813800
RBP=0x0000700002eaea00 is pointing into the stack for thread: 0x00007f9d0d813800
RSI=0x00007f9d0d813800 is a thread
RDI=0x0004000000000000 is an unknown value
R8 =0x0000000000000000 is an unknown value
R9 =0x00007f9d0c6f8cf0 is an unknown value
R10=0x0000000000000001 is an unknown value
R11=0x0000000000000001 is an unknown value
R12=0x00007f9d0d813800 is a thread
R13=0x0004000000000000 is an unknown value
R14=0x0004000000000000 is an unknown value
R15=0x00007f9d0f3001a0 is an unknown value


Stack: [0x0000700002daf000,0x0000700002eaf000],  sp=0x0000700002eae9f0,  free space=1022k
Native frames: (J=compiled Java code, j=interpreted, Vv=VM code, C=native code)
V  [libjvm.dylib+0x432d10]  Method::checked_resolve_jmethod_id(_jmethodID*)+0xe
V  [libjvm.dylib+0x3430d6]  jvmti_IsMethodSynthetic+0xb2
C  [libjdwp.dylib+0x20780]  isMethodSynthetic+0x63
C  [libjdwp.dylib+0x51f3]  methods1+0x10b
C  [libjdwp.dylib+0x52ec]  methodsWithGeneric+0xe
C  [libjdwp.dylib+0xe898]  debugLoop_run+0x1ce
C  [libjdwp.dylib+0x1f6ba]  attachThread+0x4d
V  [libjvm.dylib+0x38401c]  JvmtiAgentThread::call_start_function()+0x38
V  [libjvm.dylib+0x549acf]  JavaThread::thread_main_inner()+0x9b
V  [libjvm.dylib+0x54b1c0]  JavaThread::run()+0x1c2
V  [libjvm.dylib+0x46ea7e]  java_start(Thread*)+0xf6
C  [libsystem_pthread.dylib+0x3339]  _pthread_body+0x7e
C  [libsystem_pthread.dylib+0x62a7]  _pthread_start+0x46
C  [libsystem_pthread.dylib+0x2445]  thread_start+0xd
C  0x0000000000000000


---------------  P R O C E S S  ---------------

Java Threads: ( => current thread )
  0x00007f9d179ce000 JavaThread "DestroyJavaVM" [_thread_blocked, id=6403, stack(0x0000700002088000,0x0000700002188000)]
  0x00007f9d1447f800 JavaThread "http-nio-8080-AsyncTimeout" daemon [_thread_blocked, id=33283, stack(0x0000700005015000,0x0000700005115000)]
  0x00007f9d0cad3800 JavaThread "http-nio-8080-Acceptor-0" daemon [_thread_in_native, id=33539, stack(0x0000700004f12000,0x0000700005012000)]
  0x00007f9d16a2c800 JavaThread "http-nio-8080-ClientPoller-1" daemon [_thread_in_native, id=34051, stack(0x0000700004e0f000,0x0000700004f0f000)]
  0x00007f9d179cf000 JavaThread "http-nio-8080-ClientPoller-0" daemon [_thread_in_native, id=34563, stack(0x0000700004d0c000,0x0000700004e0c000)]
  0x00007f9d133f6000 JavaThread "http-nio-8080-exec-10" daemon [_thread_blocked, id=35075, stack(0x0000700004c09000,0x0000700004d09000)]
  0x00007f9d133ab000 JavaThread "http-nio-8080-exec-9" daemon [_thread_blocked, id=29443, stack(0x0000700004b06000,0x0000700004c06000)]
  0x00007f9d133aa800 JavaThread "http-nio-8080-exec-8" daemon [_thread_blocked, id=35843, stack(0x0000700004a03000,0x0000700004b03000)]
  0x00007f9d16809800 JavaThread "http-nio-8080-exec-7" daemon [_thread_blocked, id=36099, stack(0x0000700004900000,0x0000700004a00000)]
  0x00007f9d12170000 JavaThread "http-nio-8080-exec-6" daemon [_thread_blocked, id=28931, stack(0x00007000047fd000,0x00007000048fd000)]
  0x00007f9d172fb000 JavaThread "http-nio-8080-exec-5" daemon [_thread_blocked, id=28419, stack(0x00007000046fa000,0x00007000047fa000)]
  0x00007f9d144fb000 JavaThread "http-nio-8080-exec-4" daemon [_thread_blocked, id=36611, stack(0x00007000045f7000,0x00007000046f7000)]
  0x00007f9d13322800 JavaThread "http-nio-8080-exec-3" daemon [_thread_blocked, id=37123, stack(0x00007000044f4000,0x00007000045f4000)]
  0x00007f9d0c8e0800 JavaThread "http-nio-8080-exec-2" daemon [_thread_blocked, id=37635, stack(0x00007000043f1000,0x00007000044f1000)]
  0x00007f9d17865800 JavaThread "http-nio-8080-exec-1" daemon [_thread_blocked, id=27907, stack(0x00007000042ee000,0x00007000043ee000)]
  0x00007f9d17c0b000 JavaThread "NioBlockingSelector.BlockPoller-1" daemon [_thread_in_native, id=27451, stack(0x00007000041eb000,0x00007000042eb000)]
  0x00007f9d150d9000 JavaThread "File Watcher" daemon [_thread_blocked, id=23815, stack(0x0000700003cdc000,0x0000700003ddc000)]
  0x00007f9d13a7e800 JavaThread "Java2D Disposer" daemon [_thread_blocked, id=39687, stack(0x00007000040e8000,0x00007000041e8000)]
  0x00007f9d15378800 JavaThread "AWT-AppKit" daemon [_thread_in_native, id=775, stack(0x00007ffee495c000,0x00007ffee515c000)]
  0x00007f9d0e3c9800 JavaThread "CleanCursors-1-thread-1" daemon [_thread_blocked, id=24323, stack(0x0000700003fe5000,0x00007000040e5000)]
  0x00007f9d12c94800 JavaThread "cluster-ClusterId{value='5c007bd58d144dab7fb48dd8', description='null'}-127.0.0.1:27017" daemon [_thread_blocked, id=40451, stack(0x0000700003ee2000,0x0000700003fe2000)]
  0x00007f9d1327e000 JavaThread "Live Reload Server" daemon [_thread_in_native, id=24071, stack(0x0000700003ddf000,0x0000700003edf000)]
  0x00007f9d0f88f000 JavaThread "HikariPool-1 housekeeper" daemon [_thread_blocked, id=23555, stack(0x0000700003bd9000,0x0000700003cd9000)]
  0x00007f9d0d88b800 JavaThread "Abandoned connection cleanup thread" daemon [_thread_blocked, id=23047, stack(0x0000700003ad6000,0x0000700003bd6000)]
  0x00007f9d0fa2b000 JavaThread "container-0" [_thread_blocked, id=41735, stack(0x00007000039d3000,0x0000700003ad3000)]
  0x00007f9d10d8e000 JavaThread "ContainerBackgroundProcessor[StandardEngine[Tomcat]]" daemon [_thread_blocked, id=19463, stack(0x00007000038d0000,0x00007000039d0000)]
  0x00007f9d0e018800 JavaThread "Service Thread" daemon [_thread_blocked, id=43011, stack(0x00007000034c4000,0x00007000035c4000)]
  0x00007f9d0d076000 JavaThread "C1 CompilerThread3" daemon [_thread_blocked, id=21763, stack(0x00007000033c1000,0x00007000034c1000)]
  0x00007f9d1000c800 JavaThread "C2 CompilerThread2" daemon [_thread_blocked, id=16899, stack(0x00007000032be000,0x00007000033be000)]
  0x00007f9d0d011000 JavaThread "C2 CompilerThread1" daemon [_thread_blocked, id=17155, stack(0x00007000031bb000,0x00007000032bb000)]
  0x00007f9d0f894800 JavaThread "C2 CompilerThread0" daemon [_thread_blocked, id=17411, stack(0x00007000030b8000,0x00007000031b8000)]
  0x00007f9d0e000000 JavaThread "JDWP Command Reader" daemon [_thread_in_native, id=17667, stack(0x0000700002fb5000,0x00007000030b5000)]
  0x00007f9d0c80c800 JavaThread "JDWP Event Helper Thread" daemon [_thread_blocked, id=18179, stack(0x0000700002eb2000,0x0000700002fb2000)]
=>0x00007f9d0d813800 JavaThread "JDWP Transport Listener: dt_socket" daemon [_thread_in_vm, id=18439, stack(0x0000700002daf000,0x0000700002eaf000)]
  0x00007f9d0d80f000 JavaThread "Signal Dispatcher" daemon [_thread_blocked, id=18947, stack(0x0000700002cac000,0x0000700002dac000)]
  0x00007f9d0d002000 JavaThread "Finalizer" daemon [_thread_blocked, id=13571, stack(0x0000700002ba9000,0x0000700002ca9000)]
  0x00007f9d0e005000 JavaThread "Reference Handler" daemon [_thread_blocked, id=13059, stack(0x0000700002aa6000,0x0000700002ba6000)]

Other Threads:
  0x00007f9d0c817800 VMThread [stack: 0x00007000029a3000,0x0000700002aa3000] [id=20227]
  0x00007f9d0e01a800 WatcherThread [stack: 0x00007000035c7000,0x00007000036c7000] [id=22275]

VM state:not at safepoint (normal execution)

VM Mutex/Monitor currently owned by a thread: None

Heap:
 PSYoungGen      total 479744K, used 121574K [0x0000000795580000, 0x00000007b4400000, 0x00000007c0000000)
  eden space 467456K, 23% used [0x0000000795580000,0x000000079c073fb0,0x00000007b1e00000)
  from space 12288K, 98% used [0x00000007b3800000,0x00000007b43c59d0,0x00000007b4400000)
  to   space 17920K, 0% used [0x00000007b2100000,0x00000007b2100000,0x00000007b3280000)
 ParOldGen       total 103936K, used 33143K [0x0000000740000000, 0x0000000746580000, 0x0000000795580000)
  object space 103936K, 31% used [0x0000000740000000,0x000000074205df38,0x0000000746580000)
 Metaspace       used 68727K, capacity 71612K, committed 71896K, reserved 1112064K
  class space    used 9213K, capacity 9685K, committed 9728K, reserved 1048576K

Card table byte_map: [0x000000010cf3a000,0x000000010d33b000] byte_map_base: 0x000000010953a000

Marking Bits: (ParMarkBitMap*) 0x000000010c4c27a0
 Begin Bits: [0x000000010d5e6000, 0x000000010f5e6000)
 End Bits:   [0x000000010f5e6000, 0x00000001115e6000)

Polling page: 0x000000010ab16000

CodeCache: size=245760Kb used=17568Kb max_used=17580Kb free=228191Kb
 bounds [0x0000000113afe000, 0x0000000114c9e000, 0x0000000122afe000]
 total_blobs=5988 nmethods=5301 adapters=607
 compilation: enabled

Compilation events (10 events):
Event: 976.984 Thread 0x00007f9d0d076000 6372       1       org.apache.catalina.loader.WebappLoader::getClassLoader (5 bytes)
Event: 976.984 Thread 0x00007f9d0d076000 nmethod 6372 0x000000011488cdd0 code [0x000000011488cf20, 0x000000011488d030]
Event: 980.330 Thread 0x00007f9d0d076000 6373       1       java.net.InetAddress$InetAddressHolder::getHostName (5 bytes)
Event: 980.330 Thread 0x00007f9d0d076000 nmethod 6373 0x000000011488a6d0 code [0x000000011488a820, 0x000000011488a930]
Event: 986.985 Thread 0x00007f9d0d076000 6374       3       java.lang.Thread::setContextClassLoader (27 bytes)
Event: 986.986 Thread 0x00007f9d0d076000 nmethod 6374 0x0000000114889d10 code [0x0000000114889ec0, 0x000000011488a418]
Event: 1000.339 Thread 0x00007f9d0d076000 6375       3       ch.qos.logback.classic.Logger::isDebugEnabled (6 bytes)
Event: 1000.340 Thread 0x00007f9d0d076000 nmethod 6375 0x00000001148898d0 code [0x0000000114889a40, 0x0000000114889c68]
Event: 1076.765 Thread 0x00007f9d0d011000 6376       4       java.util.HashMap::keySet (27 bytes)
Event: 1076.768 Thread 0x00007f9d0d011000 nmethod 6376 0x00000001148868d0 code [0x0000000114886a20, 0x0000000114886b18]

GC Heap History (10 events):
Event: 6.115 GC heap before
{Heap before GC invocations=11 (full 2):
 PSYoungGen      total 269824K, used 8694K [0x0000000795580000, 0x00000007ad780000, 0x00000007c0000000)
  eden space 261120K, 0% used [0x0000000795580000,0x0000000795580000,0x00000007a5480000)
  from space 8704K, 99% used [0x00000007a5480000,0x00000007a5cfda08,0x00000007a5d00000)
  to   space 13312K, 0% used [0x00000007aca80000,0x00000007aca80000,0x00000007ad780000)
 ParOldGen       total 44032K, used 12890K [0x0000000740000000, 0x0000000742b00000, 0x0000000795580000)
  object space 44032K, 29% used [0x0000000740000000,0x0000000740c96a48,0x0000000742b00000)
 Metaspace       used 33778K, capacity 35366K, committed 35456K, reserved 1079296K
  class space    used 4299K, capacity 4648K, committed 4736K, reserved 1048576K
Event: 6.218 GC heap after
Heap after GC invocations=11 (full 2):
 PSYoungGen      total 269824K, used 0K [0x0000000795580000, 0x00000007ad780000, 0x00000007c0000000)
  eden space 261120K, 0% used [0x0000000795580000,0x0000000795580000,0x00000007a5480000)
  from space 8704K, 0% used [0x00000007a5480000,0x00000007a5480000,0x00000007a5d00000)
  to   space 13312K, 0% used [0x00000007aca80000,0x00000007aca80000,0x00000007ad780000)
 ParOldGen       total 76288K, used 20640K [0x0000000740000000, 0x0000000744a80000, 0x0000000795580000)
  object space 76288K, 27% used [0x0000000740000000,0x0000000741428068,0x0000000744a80000)
 Metaspace       used 33778K, capacity 35366K, committed 35456K, reserved 1079296K
  class space    used 4299K, capacity 4648K, committed 4736K, reserved 1048576K
}
Event: 8.053 GC heap before
{Heap before GC invocations=12 (full 2):
 PSYoungGen      total 269824K, used 261120K [0x0000000795580000, 0x00000007ad780000, 0x00000007c0000000)
  eden space 261120K, 100% used [0x0000000795580000,0x00000007a5480000,0x00000007a5480000)
  from space 8704K, 0% used [0x00000007a5480000,0x00000007a5480000,0x00000007a5d00000)
  to   space 13312K, 0% used [0x00000007aca80000,0x00000007aca80000,0x00000007ad780000)
 ParOldGen       total 76288K, used 20640K [0x0000000740000000, 0x0000000744a80000, 0x0000000795580000)
  object space 76288K, 27% used [0x0000000740000000,0x0000000741428068,0x0000000744a80000)
 Metaspace       used 44650K, capacity 46380K, committed 46720K, reserved 1089536K
  class space    used 5856K, capacity 6193K, committed 6272K, reserved 1048576K
Event: 8.083 GC heap after
Heap after GC invocations=12 (full 2):
 PSYoungGen      total 370176K, used 12970K [0x0000000795580000, 0x00000007ad780000, 0x00000007c0000000)
  eden space 356864K, 0% used [0x0000000795580000,0x0000000795580000,0x00000007ab200000)
  from space 13312K, 97% used [0x00000007aca80000,0x00000007ad72a828,0x00000007ad780000)
  to   space 15360K, 0% used [0x00000007ab980000,0x00000007ab980000,0x00000007ac880000)
 ParOldGen       total 76288K, used 20648K [0x0000000740000000, 0x0000000744a80000, 0x0000000795580000)
  object space 76288K, 27% used [0x0000000740000000,0x000000074142a068,0x0000000744a80000)
 Metaspace       used 44650K, capacity 46380K, committed 46720K, reserved 1089536K
  class space    used 5856K, capacity 6193K, committed 6272K, reserved 1048576K
}
Event: 10.325 GC heap before
{Heap before GC invocations=13 (full 2):
 PSYoungGen      total 370176K, used 246042K [0x0000000795580000, 0x00000007ad780000, 0x00000007c0000000)
  eden space 356864K, 65% used [0x0000000795580000,0x00000007a391c390,0x00000007ab200000)
  from space 13312K, 97% used [0x00000007aca80000,0x00000007ad72a828,0x00000007ad780000)
  to   space 15360K, 0% used [0x00000007ab980000,0x00000007ab980000,0x00000007ac880000)
 ParOldGen       total 76288K, used 20648K [0x0000000740000000, 0x0000000744a80000, 0x0000000795580000)
  object space 76288K, 27% used [0x0000000740000000,0x000000074142a068,0x0000000744a80000)
 Metaspace       used 56753K, capacity 59020K, committed 59096K, reserved 1099776K
  class space    used 7742K, capacity 8137K, committed 8192K, reserved 1048576K
Event: 10.346 GC heap after
Heap after GC invocations=13 (full 2):
 PSYoungGen      total 379904K, used 14407K [0x0000000795580000, 0x00000007b4880000, 0x00000007c0000000)
  eden space 364544K, 0% used [0x0000000795580000,0x0000000795580000,0x00000007ab980000)
  from space 15360K, 93% used [0x00000007ab980000,0x00000007ac791cc0,0x00000007ac880000)
  to   space 16896K, 0% used [0x00000007b3800000,0x00000007b3800000,0x00000007b4880000)
 ParOldGen       total 76288K, used 25136K [0x0000000740000000, 0x0000000744a80000, 0x0000000795580000)
  object space 76288K, 32% used [0x0000000740000000,0x000000074188c278,0x0000000744a80000)
 Metaspace       used 56753K, capacity 59020K, committed 59096K, reserved 1099776K
  class space    used 7742K, capacity 8137K, committed 8192K, reserved 1048576K
}
Event: 10.346 GC heap before
{Heap before GC invocations=14 (full 3):
 PSYoungGen      total 379904K, used 14407K [0x0000000795580000, 0x00000007b4880000, 0x00000007c0000000)
  eden space 364544K, 0% used [0x0000000795580000,0x0000000795580000,0x00000007ab980000)
  from space 15360K, 93% used [0x00000007ab980000,0x00000007ac791cc0,0x00000007ac880000)
  to   space 16896K, 0% used [0x00000007b3800000,0x00000007b3800000,0x00000007b4880000)
 ParOldGen       total 76288K, used 25136K [0x0000000740000000, 0x0000000744a80000, 0x0000000795580000)
  object space 76288K, 32% used [0x0000000740000000,0x000000074188c278,0x0000000744a80000)
 Metaspace       used 56753K, capacity 59020K, committed 59096K, reserved 1099776K
  class space    used 7742K, capacity 8137K, committed 8192K, reserved 1048576K
Event: 10.476 GC heap after
Heap after GC invocations=14 (full 3):
 PSYoungGen      total 379904K, used 0K [0x0000000795580000, 0x00000007b4880000, 0x00000007c0000000)
  eden space 364544K, 0% used [0x0000000795580000,0x0000000795580000,0x00000007ab980000)
  from space 15360K, 0% used [0x00000007ab980000,0x00000007ab980000,0x00000007ac880000)
  to   space 16896K, 0% used [0x00000007b3800000,0x00000007b3800000,0x00000007b4880000)
 ParOldGen       total 103936K, used 33135K [0x0000000740000000, 0x0000000746580000, 0x0000000795580000)
  object space 103936K, 31% used [0x0000000740000000,0x000000074205bf38,0x0000000746580000)
 Metaspace       used 56753K, capacity 59020K, committed 59096K, reserved 1099776K
  class space    used 7742K, capacity 8137K, committed 8192K, reserved 1048576K
}
Event: 638.602 GC heap before
{Heap before GC invocations=15 (full 3):
 PSYoungGen      total 379904K, used 364544K [0x0000000795580000, 0x00000007b4880000, 0x00000007c0000000)
  eden space 364544K, 100% used [0x0000000795580000,0x00000007ab980000,0x00000007ab980000)
  from space 15360K, 0% used [0x00000007ab980000,0x00000007ab980000,0x00000007ac880000)
  to   space 16896K, 0% used [0x00000007b3800000,0x00000007b3800000,0x00000007b4880000)
 ParOldGen       total 103936K, used 33135K [0x0000000740000000, 0x0000000746580000, 0x0000000795580000)
  object space 103936K, 31% used [0x0000000740000000,0x000000074205bf38,0x0000000746580000)
 Metaspace       used 68670K, capacity 71612K, committed 71896K, reserved 1112064K
  class space    used 9212K, capacity 9685K, committed 9728K, reserved 1048576K
Event: 638.659 GC heap after
Heap after GC invocations=15 (full 3):
 PSYoungGen      total 479744K, used 12054K [0x0000000795580000, 0x00000007b4400000, 0x00000007c0000000)
  eden space 467456K, 0% used [0x0000000795580000,0x0000000795580000,0x00000007b1e00000)
  from space 12288K, 98% used [0x00000007b3800000,0x00000007b43c59d0,0x00000007b4400000)
  to   space 17920K, 0% used [0x00000007b2100000,0x00000007b2100000,0x00000007b3280000)
 ParOldGen       total 103936K, used 33143K [0x0000000740000000, 0x0000000746580000, 0x0000000795580000)
  object space 103936K, 31% used [0x0000000740000000,0x000000074205df38,0x0000000746580000)
 Metaspace       used 68670K, capacity 71612K, committed 71896K, reserved 1112064K
  class space    used 9212K, capacity 9685K, committed 9728K, reserved 1048576K
}

Deoptimization events (10 events):
Event: 40.541 Thread 0x00007f9d172fb000 Uncommon trap: reason=null_check action=make_not_entrant pc=0x00000001148883a0 method=java.lang.Class.createAnnotationData(I)Ljava/lang/Class$AnnotationData; @ 14
Event: 51.628 Thread 0x00007f9d12170000 Uncommon trap: reason=unhandled action=none pc=0x000000011495eadc method=java.net.URLClassLoader.findClass(Ljava/lang/String;)Ljava/lang/Class; @ 44
Event: 51.628 Thread 0x00007f9d12170000 Uncommon trap: reason=unhandled action=none pc=0x000000011495eadc method=java.net.URLClassLoader.findClass(Ljava/lang/String;)Ljava/lang/Class; @ 44
Event: 51.629 Thread 0x00007f9d12170000 Uncommon trap: reason=unhandled action=none pc=0x000000011495eadc method=java.net.URLClassLoader.findClass(Ljava/lang/String;)Ljava/lang/Class; @ 44
Event: 54.765 Thread 0x00007f9d16809800 Uncommon trap: reason=unhandled action=none pc=0x000000011495eadc method=java.net.URLClassLoader.findClass(Ljava/lang/String;)Ljava/lang/Class; @ 44
Event: 356.792 Thread 0x00007f9d10d8e000 Uncommon trap: reason=predicate action=maybe_recompile pc=0x000000011422b73c method=java.util.AbstractCollection.toArray([Ljava/lang/Object;)[Ljava/lang/Object; @ 49
Event: 606.861 Thread 0x00007f9d10d8e000 Uncommon trap: reason=array_check action=maybe_recompile pc=0x0000000113d2dc74 method=java.util.AbstractCollection.toArray([Ljava/lang/Object;)[Ljava/lang/Object; @ 119
Event: 606.861 Thread 0x00007f9d10d8e000 Uncommon trap: reason=array_check action=maybe_recompile pc=0x0000000113d2dc74 method=java.util.AbstractCollection.toArray([Ljava/lang/Object;)[Ljava/lang/Object; @ 119
Event: 606.861 Thread 0x00007f9d10d8e000 Uncommon trap: reason=array_check action=maybe_recompile pc=0x0000000113d2dc74 method=java.util.AbstractCollection.toArray([Ljava/lang/Object;)[Ljava/lang/Object; @ 119
Event: 616.866 Thread 0x00007f9d10d8e000 Uncommon trap: reason=array_check action=maybe_recompile pc=0x0000000113d2dc74 method=java.util.AbstractCollection.toArray([Ljava/lang/Object;)[Ljava/lang/Object; @ 119

Internal exceptions (10 events):
Event: 1000.339 Thread 0x00007f9d12c94800 Exception <a 'java/net/ConnectException'> (0x0000000796218278) thrown at [/Users/java_re/workspace/8-2-build-macosx-x86_64/jdk8u45/3457/hotspot/src/share/vm/prims/jni.cpp, line 709]
Event: 1010.345 Thread 0x00007f9d12c94800 Exception <a 'java/net/ConnectException'> (0x00000007962197d0) thrown at [/Users/java_re/workspace/8-2-build-macosx-x86_64/jdk8u45/3457/hotspot/src/share/vm/prims/jni.cpp, line 709]
Event: 1020.347 Thread 0x00007f9d12c94800 Exception <a 'java/net/ConnectException'> (0x000000079621ad28) thrown at [/Users/java_re/workspace/8-2-build-macosx-x86_64/jdk8u45/3457/hotspot/src/share/vm/prims/jni.cpp, line 709]
Event: 1030.351 Thread 0x00007f9d12c94800 Exception <a 'java/net/ConnectException'> (0x000000079621c280) thrown at [/Users/java_re/workspace/8-2-build-macosx-x86_64/jdk8u45/3457/hotspot/src/share/vm/prims/jni.cpp, line 709]
Event: 1040.356 Thread 0x00007f9d12c94800 Exception <a 'java/net/ConnectException'> (0x000000079621d7d8) thrown at [/Users/java_re/workspace/8-2-build-macosx-x86_64/jdk8u45/3457/hotspot/src/share/vm/prims/jni.cpp, line 709]
Event: 1050.359 Thread 0x00007f9d12c94800 Exception <a 'java/net/ConnectException'> (0x000000079621ed30) thrown at [/Users/java_re/workspace/8-2-build-macosx-x86_64/jdk8u45/3457/hotspot/src/share/vm/prims/jni.cpp, line 709]
Event: 1060.364 Thread 0x00007f9d12c94800 Exception <a 'java/net/ConnectException'> (0x0000000796220288) thrown at [/Users/java_re/workspace/8-2-build-macosx-x86_64/jdk8u45/3457/hotspot/src/share/vm/prims/jni.cpp, line 709]
Event: 1070.368 Thread 0x00007f9d12c94800 Exception <a 'java/net/ConnectException'> (0x00000007962217e0) thrown at [/Users/java_re/workspace/8-2-build-macosx-x86_64/jdk8u45/3457/hotspot/src/share/vm/prims/jni.cpp, line 709]
Event: 1080.371 Thread 0x00007f9d12c94800 Exception <a 'java/net/ConnectException'> (0x0000000796222d38) thrown at [/Users/java_re/workspace/8-2-build-macosx-x86_64/jdk8u45/3457/hotspot/src/share/vm/prims/jni.cpp, line 709]
Event: 1090.376 Thread 0x00007f9d12c94800 Exception <a 'java/net/ConnectException'> (0x0000000796224290) thrown at [/Users/java_re/workspace/8-2-build-macosx-x86_64/jdk8u45/3457/hotspot/src/share/vm/prims/jni.cpp, line 709]

Events (10 events):
Event: 638.661 Executing VM operation: RevokeBias
Event: 638.661 Executing VM operation: RevokeBias done
Event: 638.663 Executing VM operation: RevokeBias
Event: 638.663 Executing VM operation: RevokeBias done
Event: 638.663 Executing VM operation: RevokeBias
Event: 638.663 Executing VM operation: RevokeBias done
Event: 793.032 Executing VM operation: RevokeBias
Event: 793.033 Executing VM operation: RevokeBias done
Event: 1099.422 Executing VM operation: RedefineClasses
Event: 1099.669 Executing VM operation: RedefineClasses done


Dynamic libraries:
0x000000001d04b000 	/System/Library/Frameworks/Cocoa.framework/Versions/A/Cocoa
0x000000001d04b000 	/System/Library/Frameworks/Security.framework/Versions/A/Security
0x000000001d04b000 	/System/Library/Frameworks/ApplicationServices.framework/Versions/A/ApplicationServices
0x000000001d04b000 	/usr/lib/libz.1.dylib
0x000000001d04b000 	/usr/lib/libSystem.B.dylib
0x000000001d04b000 	/usr/lib/libobjc.A.dylib
0x000000001d04b000 	/System/Library/Frameworks/CoreFoundation.framework/Versions/A/CoreFoundation
0x000000001d04b000 	/System/Library/Frameworks/Foundation.framework/Versions/C/Foundation
0x000000001d04b000 	/System/Library/Frameworks/AppKit.framework/Versions/C/AppKit
0x000000001d04b000 	/System/Library/Frameworks/CoreData.framework/Versions/A/CoreData
0x000000001d04b000 	/System/Library/PrivateFrameworks/RemoteViewServices.framework/Versions/A/RemoteViewServices
0x000000001d04b000 	/System/Library/PrivateFrameworks/UIFoundation.framework/Versions/A/UIFoundation
0x000000001d04b000 	/System/Library/PrivateFrameworks/XCTTargetBootstrap.framework/Versions/A/XCTTargetBootstrap
0x000000001d04b000 	/System/Library/PrivateFrameworks/IconServices.framework/Versions/A/IconServices
0x000000001d04b000 	/System/Library/Frameworks/Metal.framework/Versions/A/Metal
0x000000001d04b000 	/System/Library/PrivateFrameworks/DesktopServicesPriv.framework/Versions/A/DesktopServicesPriv
0x000000001d04b000 	/usr/lib/libenergytrace.dylib
0x000000001d04b000 	/System/Library/PrivateFrameworks/SkyLight.framework/Versions/A/SkyLight
0x000000001d04b000 	/System/Library/Frameworks/CoreGraphics.framework/Versions/A/CoreGraphics
0x000000001d04b000 	/System/Library/Frameworks/Accelerate.framework/Versions/A/Accelerate
0x000000001d04b000 	/System/Library/Frameworks/IOSurface.framework/Versions/A/IOSurface
0x000000001d04b000 	/System/Library/PrivateFrameworks/DFRFoundation.framework/Versions/A/DFRFoundation
0x000000001d04b000 	/System/Library/Frameworks/AudioToolbox.framework/Versions/A/AudioToolbox
0x000000001d04b000 	/System/Library/Frameworks/AudioUnit.framework/Versions/A/AudioUnit
0x000000001d04b000 	/System/Library/PrivateFrameworks/DataDetectorsCore.framework/Versions/A/DataDetectorsCore
0x000000001d04b000 	/System/Library/Frameworks/Carbon.framework/Versions/A/Frameworks/HIToolbox.framework/Versions/A/HIToolbox
0x000000001d04b000 	/usr/lib/libicucore.A.dylib
0x000000001d04b000 	/System/Library/Frameworks/QuartzCore.framework/Versions/A/QuartzCore
0x000000001d04b000 	/System/Library/Frameworks/Carbon.framework/Versions/A/Frameworks/SpeechRecognition.framework/Versions/A/SpeechRecognition
0x000000001d04b000 	/usr/lib/libauto.dylib
0x000000001d04b000 	/usr/lib/libxml2.2.dylib
0x000000001d04b000 	/System/Library/PrivateFrameworks/CoreUI.framework/Versions/A/CoreUI
0x000000001d04b000 	/System/Library/Frameworks/CoreAudio.framework/Versions/A/CoreAudio
0x000000001d04b000 	/System/Library/Frameworks/DiskArbitration.framework/Versions/A/DiskArbitration
0x000000001d04b000 	/usr/lib/liblangid.dylib
0x000000001d04b000 	/System/Library/PrivateFrameworks/MultitouchSupport.framework/Versions/A/MultitouchSupport
0x000000001d04b000 	/System/Library/Frameworks/IOKit.framework/Versions/A/IOKit
0x000000001d04b000 	/usr/lib/libDiagnosticMessagesClient.dylib
0x000000001d04b000 	/System/Library/Frameworks/CoreServices.framework/Versions/A/CoreServices
0x000000001d04b000 	/System/Library/PrivateFrameworks/PerformanceAnalysis.framework/Versions/A/PerformanceAnalysis
0x000000001d04b000 	/System/Library/Frameworks/OpenGL.framework/Versions/A/OpenGL
0x000000001d04b000 	/System/Library/Frameworks/ColorSync.framework/Versions/A/ColorSync
0x000000001d04b000 	/System/Library/Frameworks/CoreImage.framework/Versions/A/CoreImage
0x000000001d04b000 	/System/Library/Frameworks/CoreText.framework/Versions/A/CoreText
0x000000001d04b000 	/System/Library/Frameworks/ImageIO.framework/Versions/A/ImageIO
0x000000001d04b000 	/System/Library/PrivateFrameworks/Backup.framework/Versions/A/Backup
0x000000001d04b000 	/usr/lib/libarchive.2.dylib
0x000000001d04b000 	/System/Library/Frameworks/CFNetwork.framework/Versions/A/CFNetwork
0x000000001d04b000 	/System/Library/Frameworks/SystemConfiguration.framework/Versions/A/SystemConfiguration
0x000000001d04b000 	/usr/lib/libCRFSuite.dylib
0x000000001d04b000 	/usr/lib/libc++.1.dylib
0x000000001d04b000 	/usr/lib/libc++abi.dylib
0x000000001d04b000 	/usr/lib/system/libcache.dylib
0x000000001d04b000 	/usr/lib/system/libcommonCrypto.dylib
0x000000001d04b000 	/usr/lib/system/libcompiler_rt.dylib
0x000000001d04b000 	/usr/lib/system/libcopyfile.dylib
0x000000001d04b000 	/usr/lib/system/libcorecrypto.dylib
0x000000001d04b000 	/usr/lib/system/libdispatch.dylib
0x000000001d04b000 	/usr/lib/system/libdyld.dylib
0x000000001d04b000 	/usr/lib/system/libkeymgr.dylib
0x000000001d04b000 	/usr/lib/system/liblaunch.dylib
0x000000001d04b000 	/usr/lib/system/libmacho.dylib
0x000000001d04b000 	/usr/lib/system/libquarantine.dylib
0x000000001d04b000 	/usr/lib/system/libremovefile.dylib
0x000000001d04b000 	/usr/lib/system/libsystem_asl.dylib
0x000000001d04b000 	/usr/lib/system/libsystem_blocks.dylib
0x000000001d04b000 	/usr/lib/system/libsystem_c.dylib
0x000000001d04b000 	/usr/lib/system/libsystem_configuration.dylib
0x000000001d04b000 	/usr/lib/system/libsystem_coreservices.dylib
0x000000001d04b000 	/usr/lib/system/libsystem_darwin.dylib
0x000000001d04b000 	/usr/lib/system/libsystem_dnssd.dylib
0x000000001d04b000 	/usr/lib/system/libsystem_info.dylib
0x000000001d04b000 	/usr/lib/system/libsystem_m.dylib
0x000000001d04b000 	/usr/lib/system/libsystem_malloc.dylib
0x000000001d04b000 	/usr/lib/system/libsystem_networkextension.dylib
0x000000001d04b000 	/usr/lib/system/libsystem_notify.dylib
0x000000001d04b000 	/usr/lib/system/libsystem_sandbox.dylib
0x000000001d04b000 	/usr/lib/system/libsystem_secinit.dylib
0x000000001d04b000 	/usr/lib/system/libsystem_kernel.dylib
0x000000001d04b000 	/usr/lib/system/libsystem_platform.dylib
0x000000001d04b000 	/usr/lib/system/libsystem_pthread.dylib
0x000000001d04b000 	/usr/lib/system/libsystem_symptoms.dylib
0x000000001d04b000 	/usr/lib/system/libsystem_trace.dylib
0x000000001d04b000 	/usr/lib/system/libunwind.dylib
0x000000001d04b000 	/usr/lib/system/libxpc.dylib
0x000000001d04b000 	/usr/lib/libbsm.0.dylib
0x000000001d04b000 	/usr/lib/system/libkxld.dylib
0x000000001d04b000 	/System/Library/PrivateFrameworks/AppleFSCompression.framework/Versions/A/AppleFSCompression
0x000000001d04b000 	/usr/lib/libOpenScriptingUtil.dylib
0x000000001d04b000 	/usr/lib/libcoretls.dylib
0x000000001d04b000 	/usr/lib/libcoretls_cfhelpers.dylib
0x000000001d04b000 	/usr/lib/libpam.2.dylib
0x000000001d04b000 	/usr/lib/libsqlite3.dylib
0x000000001d04b000 	/usr/lib/libxar.1.dylib
0x000000001d04b000 	/usr/lib/libbz2.1.0.dylib
0x000000001d04b000 	/usr/lib/liblzma.5.dylib
0x000000001d04b000 	/usr/lib/libnetwork.dylib
0x000000001d04b000 	/usr/lib/libapple_nghttp2.dylib
0x000000001d04b000 	/usr/lib/libpcap.A.dylib
0x000000001d04b000 	/System/Library/Frameworks/CoreServices.framework/Versions/A/Frameworks/FSEvents.framework/Versions/A/FSEvents
0x000000001d04b000 	/System/Library/Frameworks/CoreServices.framework/Versions/A/Frameworks/CarbonCore.framework/Versions/A/CarbonCore
0x000000001d04b000 	/System/Library/Frameworks/CoreServices.framework/Versions/A/Frameworks/Metadata.framework/Versions/A/Metadata
0x000000001d04b000 	/System/Library/Frameworks/CoreServices.framework/Versions/A/Frameworks/OSServices.framework/Versions/A/OSServices
0x000000001d04b000 	/System/Library/Frameworks/CoreServices.framework/Versions/A/Frameworks/SearchKit.framework/Versions/A/SearchKit
0x000000001d04b000 	/System/Library/Frameworks/CoreServices.framework/Versions/A/Frameworks/AE.framework/Versions/A/AE
0x000000001d04b000 	/System/Library/Frameworks/CoreServices.framework/Versions/A/Frameworks/LaunchServices.framework/Versions/A/LaunchServices
0x000000001d04b000 	/System/Library/Frameworks/CoreServices.framework/Versions/A/Frameworks/DictionaryServices.framework/Versions/A/DictionaryServices
0x000000001d04b000 	/System/Library/Frameworks/CoreServices.framework/Versions/A/Frameworks/SharedFileList.framework/Versions/A/SharedFileList
0x000000001d04b000 	/System/Library/Frameworks/NetFS.framework/Versions/A/NetFS
0x000000001d04b000 	/System/Library/PrivateFrameworks/NetAuth.framework/Versions/A/NetAuth
0x000000001d04b000 	/System/Library/PrivateFrameworks/login.framework/Versions/A/Frameworks/loginsupport.framework/Versions/A/loginsupport
0x000000001d04b000 	/System/Library/PrivateFrameworks/TCC.framework/Versions/A/TCC
0x000000001d04b000 	/System/Library/PrivateFrameworks/CoreNLP.framework/Versions/A/CoreNLP
0x000000001d04b000 	/System/Library/PrivateFrameworks/MetadataUtilities.framework/Versions/A/MetadataUtilities
0x000000001d04b000 	/usr/lib/libmecabra.dylib
0x000000001d04b000 	/System/Library/Frameworks/ApplicationServices.framework/Versions/A/Frameworks/ATS.framework/Versions/A/ATS
0x000000001d04b000 	/System/Library/Frameworks/ApplicationServices.framework/Versions/A/Frameworks/ColorSyncLegacy.framework/Versions/A/ColorSyncLegacy
0x000000001d04b000 	/System/Library/Frameworks/ApplicationServices.framework/Versions/A/Frameworks/HIServices.framework/Versions/A/HIServices
0x000000001d04b000 	/System/Library/Frameworks/ApplicationServices.framework/Versions/A/Frameworks/LangAnalysis.framework/Versions/A/LangAnalysis
0x000000001d04b000 	/System/Library/Frameworks/ApplicationServices.framework/Versions/A/Frameworks/PrintCore.framework/Versions/A/PrintCore
0x000000001d04b000 	/System/Library/Frameworks/ApplicationServices.framework/Versions/A/Frameworks/QD.framework/Versions/A/QD
0x000000001d04b000 	/System/Library/Frameworks/ApplicationServices.framework/Versions/A/Frameworks/SpeechSynthesis.framework/Versions/A/SpeechSynthesis
0x000000001d04b000 	/usr/lib/libcompression.dylib
0x000000001d04b000 	/System/Library/Frameworks/CoreDisplay.framework/Versions/A/CoreDisplay
0x000000001d04b000 	/System/Library/Frameworks/MetalPerformanceShaders.framework/Versions/A/MetalPerformanceShaders
0x000000001d04b000 	/System/Library/Frameworks/Accelerate.framework/Versions/A/Frameworks/vImage.framework/Versions/A/vImage
0x000000001d04b000 	/System/Library/Frameworks/Accelerate.framework/Versions/A/Frameworks/vecLib.framework/Versions/A/vecLib
0x000000001d04b000 	/System/Library/Frameworks/Accelerate.framework/Versions/A/Frameworks/vecLib.framework/Versions/A/libvMisc.dylib
0x000000001d04b000 	/System/Library/Frameworks/Accelerate.framework/Versions/A/Frameworks/vecLib.framework/Versions/A/libvDSP.dylib
0x000000001d04b000 	/System/Library/Frameworks/Accelerate.framework/Versions/A/Frameworks/vecLib.framework/Versions/A/libBLAS.dylib
0x000000001d04b000 	/System/Library/Frameworks/Accelerate.framework/Versions/A/Frameworks/vecLib.framework/Versions/A/libLAPACK.dylib
0x000000001d04b000 	/System/Library/Frameworks/Accelerate.framework/Versions/A/Frameworks/vecLib.framework/Versions/A/libLinearAlgebra.dylib
0x000000001d04b000 	/System/Library/Frameworks/Accelerate.framework/Versions/A/Frameworks/vecLib.framework/Versions/A/libSparseBLAS.dylib
0x000000001d04b000 	/System/Library/Frameworks/Accelerate.framework/Versions/A/Frameworks/vecLib.framework/Versions/A/libQuadrature.dylib
0x000000001d04b000 	/System/Library/Frameworks/Accelerate.framework/Versions/A/Frameworks/vecLib.framework/Versions/A/libBNNS.dylib
0x000000001d04b000 	/System/Library/Frameworks/Accelerate.framework/Versions/A/Frameworks/vecLib.framework/Versions/A/libSparse.dylib
0x000000001d04b000 	/System/Library/PrivateFrameworks/GPUWrangler.framework/Versions/A/GPUWrangler
0x000000001d04b000 	/System/Library/PrivateFrameworks/IOAccelerator.framework/Versions/A/IOAccelerator
0x000000001d04b000 	/System/Library/PrivateFrameworks/IOPresentment.framework/Versions/A/IOPresentment
0x000000001d04b000 	/System/Library/PrivateFrameworks/DSExternalDisplay.framework/Versions/A/DSExternalDisplay
0x000000001d04b000 	/System/Library/Frameworks/OpenGL.framework/Versions/A/Libraries/libCoreFSCache.dylib
0x000000001d04b000 	/System/Library/Frameworks/MetalPerformanceShaders.framework/Frameworks/MPSCore.framework/Versions/A/MPSCore
0x000000001d04b000 	/System/Library/Frameworks/MetalPerformanceShaders.framework/Frameworks/MPSImage.framework/Versions/A/MPSImage
0x000000001d04b000 	/System/Library/Frameworks/MetalPerformanceShaders.framework/Frameworks/MPSNeuralNetwork.framework/Versions/A/MPSNeuralNetwork
0x000000001d04b000 	/System/Library/Frameworks/MetalPerformanceShaders.framework/Frameworks/MPSMatrix.framework/Versions/A/MPSMatrix
0x000000001d04b000 	/System/Library/Frameworks/MetalPerformanceShaders.framework/Frameworks/MPSRayIntersector.framework/Versions/A/MPSRayIntersector
0x000000001d04b000 	/System/Library/PrivateFrameworks/MetalTools.framework/Versions/A/MetalTools
0x000000001d04b000 	/System/Library/PrivateFrameworks/AggregateDictionary.framework/Versions/A/AggregateDictionary
0x000000001d04b000 	/usr/lib/libMobileGestalt.dylib
0x000000001d04b000 	/System/Library/Frameworks/CoreVideo.framework/Versions/A/CoreVideo
0x000000001d04b000 	/System/Library/PrivateFrameworks/GraphVisualizer.framework/Versions/A/GraphVisualizer
0x000000001d04b000 	/System/Library/PrivateFrameworks/FaceCore.framework/Versions/A/FaceCore
0x000000001d04b000 	/System/Library/Frameworks/OpenCL.framework/Versions/A/OpenCL
0x000000001d04b000 	/usr/lib/libFosl_dynamic.dylib
0x000000001d04b000 	/System/Library/PrivateFrameworks/OTSVG.framework/Versions/A/OTSVG
0x000000001d04b000 	/System/Library/Frameworks/ApplicationServices.framework/Versions/A/Frameworks/ATS.framework/Versions/A/Resources/libFontParser.dylib
0x000000001d04b000 	/System/Library/Frameworks/ApplicationServices.framework/Versions/A/Frameworks/ATS.framework/Versions/A/Resources/libFontRegistry.dylib
0x000000001d04b000 	/System/Library/Frameworks/ImageIO.framework/Versions/A/Resources/libJPEG.dylib
0x000000001d04b000 	/System/Library/Frameworks/ImageIO.framework/Versions/A/Resources/libTIFF.dylib
0x000000001d04b000 	/System/Library/Frameworks/ImageIO.framework/Versions/A/Resources/libPng.dylib
0x000000001d04b000 	/System/Library/Frameworks/ImageIO.framework/Versions/A/Resources/libGIF.dylib
0x000000001d04b000 	/System/Library/Frameworks/ImageIO.framework/Versions/A/Resources/libJP2.dylib
0x000000001d04b000 	/System/Library/Frameworks/ImageIO.framework/Versions/A/Resources/libRadiance.dylib
0x000000001d04b000 	/System/Library/PrivateFrameworks/AppleJPEG.framework/Versions/A/AppleJPEG
0x000000001d04b000 	/System/Library/Frameworks/OpenGL.framework/Versions/A/Libraries/libGFXShared.dylib
0x000000001d04b000 	/System/Library/Frameworks/OpenGL.framework/Versions/A/Libraries/libGLU.dylib
0x000000001d04b000 	/System/Library/Frameworks/OpenGL.framework/Versions/A/Libraries/libGL.dylib
0x000000001d04b000 	/System/Library/Frameworks/OpenGL.framework/Versions/A/Libraries/libGLImage.dylib
0x000000001d04b000 	/System/Library/Frameworks/OpenGL.framework/Versions/A/Libraries/libCVMSPluginSupport.dylib
0x000000001d04b000 	/System/Library/Frameworks/OpenGL.framework/Versions/A/Libraries/libCoreVMClient.dylib
0x000000001d04b000 	/usr/lib/libcups.2.dylib
0x000000001d04b000 	/System/Library/Frameworks/Kerberos.framework/Versions/A/Kerberos
0x000000001d04b000 	/System/Library/Frameworks/GSS.framework/Versions/A/GSS
0x000000001d04b000 	/usr/lib/libresolv.9.dylib
0x000000001d04b000 	/usr/lib/libiconv.2.dylib
0x000000001d04b000 	/System/Library/PrivateFrameworks/Heimdal.framework/Versions/A/Heimdal
0x000000001d04b000 	/usr/lib/libheimdal-asn1.dylib
0x000000001d04b000 	/System/Library/Frameworks/OpenDirectory.framework/Versions/A/OpenDirectory
0x000000001d04b000 	/System/Library/PrivateFrameworks/CommonAuth.framework/Versions/A/CommonAuth
0x000000001d04b000 	/System/Library/Frameworks/OpenDirectory.framework/Versions/A/Frameworks/CFOpenDirectory.framework/Versions/A/CFOpenDirectory
0x000000001d04b000 	/System/Library/Frameworks/SecurityFoundation.framework/Versions/A/SecurityFoundation
0x000000001d04b000 	/System/Library/PrivateFrameworks/APFS.framework/Versions/A/APFS
0x000000001d04b000 	/usr/lib/libutil.dylib
0x000000001d04b000 	/usr/lib/libcharset.1.dylib
0x000000001d04b000 	/System/Library/PrivateFrameworks/AppleSauce.framework/Versions/A/AppleSauce
0x000000001d04b000 	/System/Library/PrivateFrameworks/AssertionServices.framework/Versions/A/AssertionServices
0x000000001d04b000 	/System/Library/PrivateFrameworks/BaseBoard.framework/Versions/A/BaseBoard
0x000000001d04b000 	/usr/lib/libmecab.1.0.0.dylib
0x000000001d04b000 	/usr/lib/libgermantok.dylib
0x000000001d04b000 	/usr/lib/libThaiTokenizer.dylib
0x000000001d04b000 	/usr/lib/libChineseTokenizer.dylib
0x000000001d04b000 	/System/Library/PrivateFrameworks/LanguageModeling.framework/Versions/A/LanguageModeling
0x000000001d04b000 	/System/Library/PrivateFrameworks/CoreEmoji.framework/Versions/A/CoreEmoji
0x000000001d04b000 	/System/Library/PrivateFrameworks/Lexicon.framework/Versions/A/Lexicon
0x000000001d04b000 	/System/Library/PrivateFrameworks/LinguisticData.framework/Versions/A/LinguisticData
0x000000001d04b000 	/usr/lib/libcmph.dylib
0x000000001d04b000 	/System/Library/Frameworks/ServiceManagement.framework/Versions/A/ServiceManagement
0x000000001d04b000 	/System/Library/PrivateFrameworks/BackgroundTaskManagement.framework/Versions/A/BackgroundTaskManagement
0x000000001d04b000 	/usr/lib/libxslt.1.dylib
0x000000001d04b000 	/System/Library/Frameworks/Carbon.framework/Versions/A/Frameworks/Ink.framework/Versions/A/Ink
0x000000001d04b000 	/System/Library/PrivateFrameworks/TextureIO.framework/Versions/A/TextureIO
0x000000001d04b000 	/usr/lib/libate.dylib
0x000000001d04b000 	/System/Library/PrivateFrameworks/CrashReporterSupport.framework/Versions/A/CrashReporterSupport
0x000000001d04b000 	/System/Library/PrivateFrameworks/Sharing.framework/Versions/A/Sharing
0x000000001d04b000 	/System/Library/PrivateFrameworks/AuthKit.framework/Versions/A/AuthKit
0x000000001d04b000 	/System/Library/PrivateFrameworks/Apple80211.framework/Versions/A/Apple80211
0x000000001d04b000 	/System/Library/PrivateFrameworks/CoreUtils.framework/Versions/A/CoreUtils
0x000000001d04b000 	/System/Library/Frameworks/CoreWLAN.framework/Versions/A/CoreWLAN
0x000000001d04b000 	/System/Library/Frameworks/IOBluetooth.framework/Versions/A/IOBluetooth
0x000000001d04b000 	/System/Library/PrivateFrameworks/ProtocolBuffer.framework/Versions/A/ProtocolBuffer
0x000000001d04b000 	/System/Library/PrivateFrameworks/MobileKeyBag.framework/Versions/A/MobileKeyBag
0x000000001d04b000 	/System/Library/PrivateFrameworks/CorePhoneNumbers.framework/Versions/A/CorePhoneNumbers
0x000000001d04b000 	/System/Library/PrivateFrameworks/AppleIDAuthSupport.framework/Versions/A/AppleIDAuthSupport
0x000000001d04b000 	/System/Library/PrivateFrameworks/KeychainCircle.framework/Versions/A/KeychainCircle
0x000000001d04b000 	/System/Library/PrivateFrameworks/ROCKit.framework/Versions/A/ROCKit
0x000000001d04b000 	/System/Library/PrivateFrameworks/CoreWiFi.framework/Versions/A/CoreWiFi
0x000000001d04b000 	/System/Library/Frameworks/CoreBluetooth.framework/Versions/A/CoreBluetooth
0x000000001d04b000 	/System/Library/PrivateFrameworks/DebugSymbols.framework/Versions/A/DebugSymbols
0x000000001d04b000 	/System/Library/PrivateFrameworks/CoreSymbolication.framework/Versions/A/CoreSymbolication
0x000000001d04b000 	/System/Library/PrivateFrameworks/Symbolication.framework/Versions/A/Symbolication
0x000000001d04b000 	/System/Library/PrivateFrameworks/SpeechRecognitionCore.framework/Versions/A/SpeechRecognitionCore
0x000000010bc00000 	/Library/Java/JavaVirtualMachines/jdk1.8.0_45.jdk/Contents/Home/jre/lib/server/libjvm.dylib
0x000000001d04b000 	/usr/lib/libstdc++.6.dylib
0x000000010aad3000 	/Library/Java/JavaVirtualMachines/jdk1.8.0_45.jdk/Contents/Home/jre/lib/libverify.dylib
0x000000010aae1000 	/Library/Java/JavaVirtualMachines/jdk1.8.0_45.jdk/Contents/Home/jre/lib/libjava.dylib
0x000000010ab17000 	/Library/Java/JavaVirtualMachines/jdk1.8.0_45.jdk/Contents/Home/jre/lib/libjdwp.dylib
0x000000010ab62000 	/Library/Java/JavaVirtualMachines/jdk1.8.0_45.jdk/Contents/Home/jre/lib/libnpt.dylib
0x000000010ab66000 	/Library/Java/JavaVirtualMachines/jdk1.8.0_45.jdk/Contents/Home/jre/lib/libinstrument.dylib
0x000000010cb71000 	/Library/Java/JavaVirtualMachines/jdk1.8.0_45.jdk/Contents/Home/jre/lib/libzip.dylib
0x000000001d04b000 	/System/Library/Frameworks/JavaVM.framework/Versions/A/Frameworks/JavaRuntimeSupport.framework/Versions/A/JavaRuntimeSupport
0x000000001d04b000 	/System/Library/Frameworks/JavaVM.framework/Versions/A/Frameworks/JavaNativeFoundation.framework/Versions/A/JavaNativeFoundation
0x000000001d04b000 	/System/Library/Frameworks/JavaVM.framework/Versions/A/JavaVM
0x000000001d04b000 	/System/Library/Frameworks/Carbon.framework/Versions/A/Carbon
0x000000001d04b000 	/System/Library/PrivateFrameworks/JavaLaunching.framework/Versions/A/JavaLaunching
0x000000001d04b000 	/System/Library/Frameworks/Carbon.framework/Versions/A/Frameworks/CommonPanels.framework/Versions/A/CommonPanels
0x000000001d04b000 	/System/Library/Frameworks/Carbon.framework/Versions/A/Frameworks/Help.framework/Versions/A/Help
0x000000001d04b000 	/System/Library/Frameworks/Carbon.framework/Versions/A/Frameworks/ImageCapture.framework/Versions/A/ImageCapture
0x000000001d04b000 	/System/Library/Frameworks/Carbon.framework/Versions/A/Frameworks/OpenScripting.framework/Versions/A/OpenScripting
0x000000001d04b000 	/System/Library/Frameworks/Carbon.framework/Versions/A/Frameworks/Print.framework/Versions/A/Print
0x000000001d04b000 	/System/Library/Frameworks/Carbon.framework/Versions/A/Frameworks/SecurityHI.framework/Versions/A/SecurityHI
0x000000011393e000 	/Library/Java/JavaVirtualMachines/jdk1.8.0_45.jdk/Contents/Home/jre/lib/libdt_socket.dylib
0x00000001250b9000 	/Library/Java/JavaVirtualMachines/jdk1.8.0_45.jdk/Contents/Home/jre/lib/libmanagement.dylib
0x00000001258dc000 	/Library/Java/JavaVirtualMachines/jdk1.8.0_45.jdk/Contents/Home/jre/lib/libnet.dylib
0x0000000124fe6000 	/Library/Java/JavaVirtualMachines/jdk1.8.0_45.jdk/Contents/Home/jre/lib/libnio.dylib
0x00000001256dc000 	/Library/Java/JavaVirtualMachines/jdk1.8.0_45.jdk/Contents/Home/jre/lib/libsunec.dylib
0x00000001251e2000 	/Library/Java/JavaVirtualMachines/jdk1.8.0_45.jdk/Contents/Home/jre/lib/libawt.dylib
0x000000012548e000 	/Library/Java/JavaVirtualMachines/jdk1.8.0_45.jdk/Contents/Home/jre/lib/./libmlib_image.dylib
0x000000012577a000 	/Library/Java/JavaVirtualMachines/jdk1.8.0_45.jdk/Contents/Home/jre/lib/libawt_lwawt.dylib
0x0000000124f7e000 	/Library/Java/JavaVirtualMachines/jdk1.8.0_45.jdk/Contents/Home/jre/lib/./libosxapp.dylib
0x000000001d04b000 	/System/Library/Frameworks/ExceptionHandling.framework/Versions/A/ExceptionHandling
0x000000012528a000 	/Library/Java/JavaVirtualMachines/jdk1.8.0_45.jdk/Contents/Home/jre/lib/libfontmanager.dylib
0x000000001d04b000 	/System/Library/PrivateFrameworks/CoreServicesInternal.framework/Versions/A/CoreServicesInternal
0x000000001d04b000 	/System/Library/Frameworks/Accelerate.framework/Versions/A/Frameworks/vImage.framework/Versions/A/Libraries/libCGInterfaces.dylib

VM Arguments:
jvm_args: -agentlib:jdwp=transport=dt_socket,suspend=y,address=localhost:52386 -javaagent:/Users/larryoke/eclipse/java-photon/Eclipse.app/Contents/Eclipse/configuration/org.eclipse.osgi/231/0/.cp/lib/javaagent-shaded.jar -Dfile.encoding=UTF-8 
java_command: com.laotek.intelligentdraw.IntelligentDrawServerApplication
java_class_path (initial): /Library/Java/JavaVirtualMachines/jdk1.8.0_45.jdk/Contents/Home/jre/lib/resources.jar:/Library/Java/JavaVirtualMachines/jdk1.8.0_45.jdk/Contents/Home/jre/lib/rt.jar:/Library/Java/JavaVirtualMachines/jdk1.8.0_45.jdk/Contents/Home/jre/lib/jsse.jar:/Library/Java/JavaVirtualMachines/jdk1.8.0_45.jdk/Contents/Home/jre/lib/jce.jar:/Library/Java/JavaVirtualMachines/jdk1.8.0_45.jdk/Contents/Home/jre/lib/charsets.jar:/Library/Java/JavaVirtualMachines/jdk1.8.0_45.jdk/Contents/Home/jre/lib/jfr.jar:/Library/Java/JavaVirtualMachines/jdk1.8.0_45.jdk/Contents/Home/jre/lib/ext/sunec.jar:/Library/Java/JavaVirtualMachines/jdk1.8.0_45.jdk/Contents/Home/jre/lib/ext/nashorn.jar:/Library/Java/JavaVirtualMachines/jdk1.8.0_45.jdk/Contents/Home/jre/lib/ext/cldrdata.jar:/Library/Java/JavaVirtualMachines/jdk1.8.0_45.jdk/Contents/Home/jre/lib/ext/jfxrt.jar:/Library/Java/JavaVirtualMachines/jdk1.8.0_45.jdk/Contents/Home/jre/lib/ext/dnsns.jar:/Library/Java/JavaVirtualMachines/jdk1.8.0_45.jdk/Contents/Home/jre/lib/ext/localedata.jar:/Library/Java/JavaVirtualMachines/jdk1.8.0_45.jdk/Contents/Home/jre/lib/ext/sunjce_provider.jar:/Library/Java/JavaVirtualMachines/jdk1.8.0_45.jdk/Contents/Home/jre/lib/ext/sunpkcs11.jar:/Library/Java/JavaVirtualMachines/jdk1.8.0_45.jdk/Contents/Home/jre/lib/ext/zipfs.jar:/System/Library/Java/Extensions/MRJToolkit.jar:/Users/larryoke/intelligent_draw_v1/IntelligentDrawServer/target/classes:/Users/larryoke/.m2/repository/org/springframework/boot/spring-boot-starter-data-jpa/2.1.0.RELEASE/spring-boot-starter-data-jpa-2.1.0.RELEASE.jar:/Users/larryoke/.m2/repository/org/springframework/boot/spring-boot-starter-aop/2.1.0.RELEASE/spring-boot-starter-aop-2.1.0.RELEASE.jar:/Users/larryoke/.m2/repository/org/springframework/spring-aop/5.1.2.RELEASE/spring-aop-5.1.2.RELEASE.jar:/Users/larryoke/.m2/repository/org/aspectj/aspectjweaver/1.9.2/aspectjweaver-1.9.2.jar:/Users/larryoke/.m2/repository/org/springframework/boot/spring-boot-starter-jdbc/2.1.0.R
Launcher Type: SUN_STANDARD

Environment Variables:
PATH=/usr/bin:/bin:/usr/sbin:/sbin
SHELL=/bin/bash

Signal Handlers:
SIGSEGV: [libjvm.dylib+0x58ef95], sa_mask[0]=11111111011111110111111111111111, sa_flags=SA_ONSTACK|SA_RESTART|SA_SIGINFO
SIGBUS: [libjvm.dylib+0x58ef95], sa_mask[0]=11111111011111110111111111111111, sa_flags=SA_RESTART|SA_SIGINFO
SIGFPE: [libjvm.dylib+0x46c108], sa_mask[0]=11111111011111110111111111111111, sa_flags=SA_RESTART|SA_SIGINFO
SIGPIPE: [libjvm.dylib+0x46c108], sa_mask[0]=11111111011111110111111111111111, sa_flags=SA_RESTART|SA_SIGINFO
SIGXFSZ: [libjvm.dylib+0x46c108], sa_mask[0]=11111111011111110111111111111111, sa_flags=SA_RESTART|SA_SIGINFO
SIGILL: [libjvm.dylib+0x46c108], sa_mask[0]=11111111011111110111111111111111, sa_flags=SA_RESTART|SA_SIGINFO
SIGUSR1: SIG_DFL, sa_mask[0]=00000000000000000000000000000000, sa_flags=none
SIGUSR2: [libjvm.dylib+0x46bc26], sa_mask[0]=00100000000000000000000000000000, sa_flags=SA_RESTART|SA_SIGINFO
SIGHUP: [libjvm.dylib+0x46a1f9], sa_mask[0]=11111111011111110111111111111111, sa_flags=SA_RESTART|SA_SIGINFO
SIGINT: [libjvm.dylib+0x46a1f9], sa_mask[0]=11111111011111110111111111111111, sa_flags=SA_RESTART|SA_SIGINFO
SIGTERM: [libjvm.dylib+0x46a1f9], sa_mask[0]=11111111011111110111111111111111, sa_flags=SA_RESTART|SA_SIGINFO
SIGQUIT: [libjvm.dylib+0x46a1f9], sa_mask[0]=11111111011111110111111111111111, sa_flags=SA_RESTART|SA_SIGINFO


---------------  S Y S T E M  ---------------

OS:Bsduname:Darwin 18.2.0 Darwin Kernel Version 18.2.0: Fri Oct  5 19:41:49 PDT 2018; root:xnu-4903.221.2~2/RELEASE_X86_64 x86_64
rlimit: STACK 8192k, CORE 0k, NPROC 709, NOFILE 10240, AS infinity
load average:3.03 2.77 2.70

CPU:total 8 (4 cores per cpu, 2 threads per core) family 6 model 70 stepping 1, cmov, cx8, fxsr, mmx, sse, sse2, sse3, ssse3, sse4.1, sse4.2, popcnt, avx, avx2, aes, clmul, erms, lzcnt, ht, tsc, tscinvbit, bmi1, bmi2

Memory: 4k page, physical 8388608k(16480k free)

/proc/meminfo:


vm_info: Java HotSpot(TM) 64-Bit Server VM (25.45-b02) for bsd-amd64 JRE (1.8.0_45-b14), built on Apr 10 2015 10:46:38 by "java_re" with gcc 4.2.1 (Based on Apple Inc. build 5658) (LLVM build 2336.11.00)

time: Fri Nov 30 00:11:03 2018
elapsed time: 1099 seconds (0d 0h 18m 19s)

